(---------------------------------------------------------------------)
(                                                                     )
(    Glossing                                                         )
(                                                                     )
(    Drawing          : CyberBalance.brd                              )
(    Software Version : 17.4S015                                      )
(    Date/Time        : Mon May 17 22:44:11 2021                      )
(                                                                     )
(---------------------------------------------------------------------)





Via Eliminate glossing in progress.
Started on Mon May 17 22:44:11 2021
 with Parameters: 
   Jog limit            : -1 
   Used pin escapes        : YES 
   Unused pin escapes      : YES 
   Stand alone vias        : YES 
   Regular through vias    : YES 


Eliminations on net GND :
Unused Pin Escape Candidates: 28, Eliminations: 28,  = 100 % Eliminated.
Used Pin Escape Candidates: 4, Eliminations: 0,  = 0 % Eliminated.


Elapsed time:  0 hr 0 min 1 sec ( 0.00 hr)
Actual time of completion: Mon May 17 22:44:12 2021


Via Eliminate Total Stats:
Total Unused Pin Escape Candidates: 28, Eliminations: 28,  = 100 % Eliminated.
Total Used Pin Escape Candidates: 4, Eliminations: 0,  = 0 % Eliminated.
Vias: Total Candidates = 32,  Total Eliminations = 28,  88 % Eliminatons.




Via Eliminate glossing in progress.
Started on Mon May 17 22:44:12 2021
 with Parameters: 
   Jog limit            : -1 
   Used pin escapes        : YES 
   Unused pin escapes      : YES 
   Stand alone vias        : YES 
   Regular through vias    : YES 


Eliminations on net GND :
Through Via Candidates: 4, Eliminations: 0,  = 0 % Eliminated.


Elapsed time:  0 hr 0 min 0 sec ( 0.00 hr)
Actual time of completion: Mon May 17 22:44:12 2021


Via Eliminate Total Stats:
Total Through Via Candidates: 4, Eliminations: 0,  = 0 % Eliminated.
Vias: Total Candidates = 4,  Total Eliminations = 0,  0 % Eliminatons.




Line entry into Pad glossing in progress.
Started on Mon May 17 22:44:12 2021
Bend Distance is 12.00.

 Circular pads:          YES
 Square pads  :          YES
 Rectangular pads :      YES
 Oblong pads :           YES
 Enter Square Pad :      Side : YES      Corner : YES  
 Enter Rectangular Pad : Long : YES      Short  : YES      Corner : YES  
 Enter Oblong Pad :      Side : YES      Round  : YES      Angle  : 45 OR 90
 Enter Circular Pad :    Angle : 45 OR 90
 Create Odd Segs:   NO
 Corner type  :     45
 Maximum 45 limit is -1.


Finished execution 1


Elapsed time:  0 hr 0 min 0 sec ( 0.00 hr)
Actual time of completion: Mon May 17 22:44:12 2021


Line Entry Into Pad Glossings Stats

Number of Glossing Attempts                   : 0
Number of Actual Glossings                    : 0
Number of Glossings Aborted by DRC violations : 0




Line Smooth glossing in progress.
Started on Mon May 17 22:44:12 2021

 Smooth Functions  :  bubbles maximize 45 jogs dangling clines add 45s
 Number of executions  : 1
 Corner type  : 45
 Length limit is -0.01.

 Maximum 45 limit is -0.01.


Elapsed time:  0 hr 0 min 1 sec ( 0.00 hr)
Actual time of completion: Mon May 17 22:44:13 2021

 - 0 - Error(s) from Line smooth Glossing


Line Centering Between Pins glossing in progress.
Started on Mon May 17 22:44:13 2021

Minimum Move Size 2.00.
Line spacing MINIMUM
Pad Tolerance 100.00.
Corner type 45


Elapsed time:  0 hr 0 min 0 sec ( 0.00 hr)
Actual time of completion: Mon May 17 22:44:13 2021



Line Center Between Pins Stats

Number of Glossing Attempts                   : 225
Number of Actual Glossings                    : 0
Number of Glossings Aborted by DRC violations : 0
Number of Glossings Aborted by No-Gloss nets  : 0



Line entry into Pad glossing in progress.
Started on Mon May 17 22:44:13 2021
Bend Distance is 12.00.

 Circular pads:          YES
 Square pads  :          YES
 Rectangular pads :      YES
 Oblong pads :           YES
 Enter Square Pad :      Side : YES      Corner : YES  
 Enter Rectangular Pad : Long : YES      Short  : YES      Corner : YES  
 Enter Oblong Pad :      Side : YES      Round  : YES      Angle  : 45 OR 90
 Enter Circular Pad :    Angle : 45 OR 90
 Create Odd Segs:   NO
 Corner type  :     45
 Maximum 45 limit is -1.


Finished execution 1


Elapsed time:  0 hr 0 min 0 sec ( 0.00 hr)
Actual time of completion: Mon May 17 22:44:13 2021


Line Entry Into Pad Glossings Stats

Number of Glossing Attempts                   : 0
Number of Actual Glossings                    : 0
Number of Glossings Aborted by DRC violations : 0


WARNING: Glossing operations may leave fillets out of date.


Glossing complete.
